0 info it worked if it ends with ok
1 verbose cli [ 'C:\\Program Files\\nodejs\\\\node.exe',
1 verbose cli   'C:\\Program Files\\nodejs\\node_modules\\npm\\bin\\npm-cli.js',
1 verbose cli   'install',
1 verbose cli   '-g',
1 verbose cli   'n' ]
2 info using npm@1.3.17
3 info using node@v0.10.23
4 verbose node symlink C:\Program Files\nodejs\\node.exe
5 verbose cache add [ 'n', null ]
6 verbose cache add name=undefined spec="n" args=["n",null]
7 verbose parsed url { protocol: null,
7 verbose parsed url   slashes: null,
7 verbose parsed url   auth: null,
7 verbose parsed url   host: null,
7 verbose parsed url   port: null,
7 verbose parsed url   hostname: null,
7 verbose parsed url   hash: null,
7 verbose parsed url   search: null,
7 verbose parsed url   query: null,
7 verbose parsed url   pathname: 'n',
7 verbose parsed url   path: 'n',
7 verbose parsed url   href: 'n' }
8 silly lockFile d1854cae-n n
9 verbose lock n C:\Users\Anyssa\AppData\Roaming\npm-cache\d1854cae-n.lock
10 silly lockFile d1854cae-n n
11 silly lockFile d1854cae-n n
12 verbose addNamed [ 'n', '' ]
13 verbose addNamed [ null, '*' ]
14 silly lockFile 6b58d7dc-n n@
15 verbose lock n@ C:\Users\Anyssa\AppData\Roaming\npm-cache\6b58d7dc-n.lock
16 silly addNameRange { name: 'n', range: '*', hasData: false }
17 verbose url raw n
18 verbose url resolving [ 'https://registry.npmjs.org/', './n' ]
19 verbose url resolved https://registry.npmjs.org/n
20 info trying registry request attempt 1 at 01:29:19
21 verbose etag "5K8434J2KWW4N7LWSE93VKDBE"
22 http GET https://registry.npmjs.org/n
23 http 304 https://registry.npmjs.org/n
24 silly registry.get cb [ 304,
24 silly registry.get   { date: 'Fri, 27 Nov 2015 03:29:33 GMT',
24 silly registry.get     via: '1.1 varnish',
24 silly registry.get     'cache-control': 'max-age=60',
24 silly registry.get     etag: '"5K8434J2KWW4N7LWSE93VKDBE"',
24 silly registry.get     age: '54',
24 silly registry.get     connection: 'keep-alive',
24 silly registry.get     'x-served-by': 'cache-jfk1020-JFK',
24 silly registry.get     'x-cache': 'HIT',
24 silly registry.get     'x-cache-hits': '1',
24 silly registry.get     'x-timer': 'S1448594973.309419,VS0,VE0',
24 silly registry.get     vary: 'Accept' } ]
25 verbose etag n from cache
26 silly addNameRange number 2 { name: 'n', range: '*', hasData: true }
27 silly addNameRange versions [ 'n',
27 silly addNameRange   [ '0.0.1',
27 silly addNameRange     '0.0.2',
27 silly addNameRange     '0.0.3',
27 silly addNameRange     '0.0.4',
27 silly addNameRange     '0.1.0',
27 silly addNameRange     '0.1.1',
27 silly addNameRange     '0.1.2',
27 silly addNameRange     '0.2.0',
27 silly addNameRange     '0.2.1',
27 silly addNameRange     '0.2.2',
27 silly addNameRange     '0.3.0',
27 silly addNameRange     '0.4.0',
27 silly addNameRange     '0.4.1',
27 silly addNameRange     '0.4.2',
27 silly addNameRange     '0.5.0',
27 silly addNameRange     '0.5.1',
27 silly addNameRange     '0.5.2',
27 silly addNameRange     '0.5.3',
27 silly addNameRange     '0.5.4',
27 silly addNameRange     '0.6.0',
27 silly addNameRange     '0.6.1',
27 silly addNameRange     '0.7.0',
27 silly addNameRange     '0.7.1',
27 silly addNameRange     '0.7.2',
27 silly addNameRange     '0.7.3',
27 silly addNameRange     '0.8.0',
27 silly addNameRange     '0.8.1',
27 silly addNameRange     '0.8.2',
27 silly addNameRange     '0.9.0',
27 silly addNameRange     '0.9.1',
27 silly addNameRange     '0.9.2',
27 silly addNameRange     '0.9.3',
27 silly addNameRange     '1.0.0',
27 silly addNameRange     '1.1.0',
27 silly addNameRange     '1.2.1',
27 silly addNameRange     '1.2.2',
27 silly addNameRange     '1.2.3',
27 silly addNameRange     '1.2.4',
27 silly addNameRange     '1.2.5',
27 silly addNameRange     '1.2.6',
27 silly addNameRange     '1.2.7',
27 silly addNameRange     '1.2.8',
27 silly addNameRange     '1.2.9',
27 silly addNameRange     '1.2.11',
27 silly addNameRange     '1.2.13',
27 silly addNameRange     '1.2.14',
27 silly addNameRange     '1.3.0',
27 silly addNameRange     '1.4.0',
27 silly addNameRange     '2.0.0',
27 silly addNameRange     '1.4.1',
27 silly addNameRange     '2.0.1',
27 silly addNameRange     '1.4.2',
27 silly addNameRange     '2.0.2' ] ]
28 verbose addNamed [ 'n', '2.0.2' ]
29 verbose addNamed [ '2.0.2', '2.0.2' ]
30 silly lockFile ed42822e-n-2-0-2 n@2.0.2
31 verbose lock n@2.0.2 C:\Users\Anyssa\AppData\Roaming\npm-cache\ed42822e-n-2-0-2.lock
32 silly lockFile ed42822e-n-2-0-2 n@2.0.2
33 silly lockFile ed42822e-n-2-0-2 n@2.0.2
34 silly lockFile 6b58d7dc-n n@
35 silly lockFile 6b58d7dc-n n@
36 silly resolved [ { name: 'n',
36 silly resolved     description: 'node version manager',
36 silly resolved     version: '2.0.2',
36 silly resolved     author: { name: 'TJ Holowaychuk', email: 'tj@vision-media.ca' },
36 silly resolved     homepage: 'https://github.com/tj/n',
36 silly resolved     bugs: { url: 'https://github.com/tj/n/issues' },
36 silly resolved     contributors: [ [Object] ],
36 silly resolved     keywords:
36 silly resolved      [ 'nvm',
36 silly resolved        'node',
36 silly resolved        'version',
36 silly resolved        'manager',
36 silly resolved        'switcher',
36 silly resolved        'node',
36 silly resolved        'binary',
36 silly resolved        'env' ],
36 silly resolved     bin: { n: './bin/n' },
36 silly resolved     repository: { type: 'git', url: 'git://github.com/tj/n.git' },
36 silly resolved     preferGlobal: true,
36 silly resolved     os: [ '!win32' ],
36 silly resolved     engines: { node: '*' },
36 silly resolved     license: 'MIT',
36 silly resolved     readme: '# n\n\n[![Join the chat at https://gitter.im/tj/n](https://badges.gitter.im/Join%20Chat.svg)](https://gitter.im/tj/n?utm_source=badge&utm_medium=badge&utm_campaign=pr-badge&utm_content=badge)\n\nSimple flavour of node/iojs binary management, no subshells, no profile setup, no convoluted api, just _simple_.\n\n*Note: Does not work on Windows at the moment. Pull Requests are appreciated.*   \n*If you are searching for the latest version below 2.x.x, check out the branch "1.x.x"*\n\n ![](https://i.cloudup.com/59cA8VEDae.gif)\n\n## Installation\n\nWith node/iojs already installed:\n\n    $ npm install -g n\n\nor, by cloning this repo and running:\n\n    $ make install\n\nto install `n` to subdirectory `bin/n` of the directory specified in environment variable `PREFIX`, which defaults to `/usr/local` (note that you will likely need `sudo` to install there).  \nTo change the default to, say, `$HOME`, i.e., to install `n` to `$HOME/bin/n`, run `PREFIX=$HOME make install`.  \n\nOnce installed, `n` downloads node/iojs versions to subdirectory `n/versions` of the directory specified in environment variable `N_PREFIX`, which defaults to `/usr/local`; the _active_ node/iojs version is installed directly in `N_PREFIX`.  \nTo change the default to, say, `$HOME`, prefix later calls to `n` with `N_PREFIX=$HOME ` or add `export N_PREFIX=$HOME` to your shell initialization file.\n\nAlternatively, consider third-party installer [n-install](https://github.com/mklement0/n-install), which allows installation directly from GitHub; for instance,\n\n    curl -L http://git.io/n-install | bash\n\nsets both `PREFIX` and `N_PREFIX` to `$HOME/n`, installs `n` to `$HOME/n/bin`, modifies the initialization files of supported shells to export `N_PREFIX` and add `$HOME/n/bin` to the `PATH`, and installs the latest stable node version.  \nAs a result, both `n` itself and all node/iojs versions it manages are hosted inside a single, optionally configurable directory, which you can later remove with the included `n-uninstall` script; script `n-update` updates `n` itself to the latest version - see the [n-install repo](https://github.com/mklement0/n-install) for details.\n\n### Installing Binaries\n\nInstall a few nodes:\n\n    $ n 0.8.14\n    $ n 0.8.17\n    $ n 0.9.6\n\nType `n` to prompt selection of an installed node. Use the up /\ndown arrow to navigate, and press enter or the right arrow to\nselect, or ^C to cancel:\n\n    $ n\n\n      0.8.14\n    ο 0.8.17\n      0.9.6\n\nUse or install the latest official release:\n\n    $ n latest\n\nUse or install the stable official release:\n\n    $ n stable\n\n### Removing Binaries\n\nRemove some versions:\n\n    $ n rm 0.9.4 v0.10.0\n\nInstead of using `rm` we can simply use `-`:\n\n    $ n - 0.9.4\n\n### Binary Usage\n\nWhen running multiple versions of node, we can target\nthem directly by asking `n` for the binary path:\n\n    $ n bin 0.9.4\n    /usr/local/n/versions/0.9.4/bin/node\n\nOr by using a specific version through `n`\'s `use` sub-command:\n\n    $ n use 0.9.4 some.js\n\nwith flags:\n\n    $ n as 0.9.4 --debug some.js\n\n### Different Architectures\n\nBy default `n` picks the binaries matching your system architecture, e.g. `n` will download 64 bit binaries for a 64 bit system. You can override this by using the `-a` or `--arch` option.\n\nDownload and use latest 32 bit version of node:\n\n    $ n --arch x86 latest\n\nDownload and use latest 32 bit version of iojs:\n\n    $ n io --arch x86 latest\n\n\n## Usage\n\n Output from `n --help`:\n\n    Usage: n [options/env] [COMMAND] [args]\n\n    Environments:\n     n [COMMAND] [args]            Uses default env (node)\n     n io [COMMAND]                Sets env as io\n\n    Commands:\n\n      n                              Output versions installed\n      n latest                       Install or activate the latest node release\n      n -a x86 latest                As above but force 32 bit architecture\n      n stable                       Install or activate the latest stable node release\n      n <version>                    Install node <version>\n      n use <version> [args ...]     Execute node <version> with [args ...]\n      n bin <version>                Output bin path for <version>\n      n rm <version ...>             Remove the given version(s)\n      n --latest                     Output the latest node version available\n      n --stable                     Output the latest stable node version available\n      n ls                           Output the versions of node available\n\n    (iojs):\n\n      n io latest                    Install or activate the latest iojs release\n      n io -a x86 latest             As above but force 32 bit architecture\n      n io <version>                 Install iojs <version>\n      n io use <version> [args ...]  Execute iojs <version> with [args ...]\n      n io bin <version>             Output bin path for <version>\n      n io rm <version ...>          Remove the given version(s)\n      n io --latest                  Output the latest iojs version available\n      n io ls                        Output the versions of iojs available\n\n    Options:\n\n      -V, --version   Output current version of n\n      -h, --help      Display help information\n      -q, --quiet     Disable curl output (if available)\n      -d, --download  Download only\n      -a, --arch      Override system architecture\n\n    Aliases:\n\n      which   bin\n      use     as\n      list    ls\n      -       rm\n\n## Details\n\n `n` by default installs node to _/usr/local/n/versions_, from\n which it can see what you have currently installed, and activate previously installed versions of node when `n <version>` is invoked again.\n\n Activated nodes are then installed to the prefix _/usr/local_, which of course may be altered via the __N_PREFIX__ environment variable.\n\n To alter where `n` operates simply export __N_PREFIX__ to whatever you prefer.\n\n## License\n\n(The MIT License)\n\nCopyright (c) 2014 TJ Holowaychuk &lt;tj@vision-media.ca&gt;\n\nPermission is hereby granted, free of charge, to any person obtaining\na copy of this software and associated documentation files (the\n\'Software\'), to deal in the Software without restriction, including\nwithout limitation the rights to use, copy, modify, merge, publish,\ndistribute, sublicense, and/or sell copies of the Software, and to\npermit persons to whom the Software is furnished to do so, subject to\nthe following conditions:\n\nThe above copyright notice and this permission notice shall be\nincluded in all copies or substantial portions of the Software.\n\nTHE SOFTWARE IS PROVIDED \'AS IS\', WITHOUT WARRANTY OF ANY KIND,\nEXPRESS OR IMPLIED, INCLUDING BUT NOT LIMITED TO THE WARRANTIES OF\nMERCHANTABILITY, FITNESS FOR A PARTICULAR PURPOSE AND NONINFRINGEMENT.\nIN NO EVENT SHALL THE AUTHORS OR COPYRIGHT HOLDERS BE LIABLE FOR ANY\nCLAIM, DAMAGES OR OTHER LIABILITY, WHETHER IN AN ACTION OF CONTRACT,\nTORT OR OTHERWISE, ARISING FROM, OUT OF OR IN CONNECTION WITH THE\nSOFTWARE OR THE USE OR OTHER DEALINGS IN THE SOFTWARE.\n',
36 silly resolved     readmeFilename: 'Readme.md',
36 silly resolved     _id: 'n@2.0.2',
36 silly resolved     _from: 'n@' } ]
37 info install n@2.0.2 into C:\Users\Anyssa\AppData\Roaming\npm
38 info installOne n@2.0.2
39 error notsup Unsupported
39 error notsup Not compatible with your operating system or architecture: n@2.0.2
39 error notsup Valid OS:    !win32
39 error notsup Valid Arch:  any
39 error notsup Actual OS:   win32
39 error notsup Actual Arch: x64
40 error System Windows_NT 6.1.7601
41 error command "C:\\Program Files\\nodejs\\\\node.exe" "C:\\Program Files\\nodejs\\node_modules\\npm\\bin\\npm-cli.js" "install" "-g" "n"
42 error cwd C:\web\side\wpapp\wpApp
43 error node -v v0.10.23
44 error npm -v 1.3.17
45 error code EBADPLATFORM
46 verbose exit [ 1, true ]
